0 info it worked if it ends with ok
1 verbose cli [ '/usr/local/bin/node', '/usr/local/bin/npm', 'start' ]
2 info using npm@3.10.8
3 info using node@v6.9.1
4 verbose run-script [ 'prestart', 'start', 'poststart' ]
5 info lifecycle todomongotomongoose@0.0.0~prestart: todomongotomongoose@0.0.0
6 silly lifecycle todomongotomongoose@0.0.0~prestart: no script for prestart, continuing
7 info lifecycle todomongotomongoose@0.0.0~start: todomongotomongoose@0.0.0
8 verbose lifecycle todomongotomongoose@0.0.0~start: unsafe-perm in lifecycle true
9 verbose lifecycle todomongotomongoose@0.0.0~start: PATH: /usr/local/lib/node_modules/npm/bin/node-gyp-bin:/Users/admin/Development/web/node/ToDoMongoToMongoose_Mongoosed_WITH_AUTH/node_modules/.bin:.:/Users/admin/google-cloud-sdk/bin:/usr/local/apache-maven-3.3.9/bin:/Library/PostgreSQL/9.5/bin:/usr/local/bin:/usr/local/Cellar/git/2.12.0/bin:/usr/bin:/bin:/usr/sbin:/sbin:/usr/local/bin:/opt/X11/bin:/usr/local/git/bin:/usr/local/MacGPG2/bin:/Users/admin/Development/adt-bundle/sdk-mac-x86_64-20130917/platform-tools:/Users/admin/Development/adt-bundle-mac-x86_64-20130917/sdk/tools:/Users/admin/Documents/programs/gradle/gradle-2.7/bin:/usr/local/bin/mongodb-osx-x86_64-3.4.2/bin:/usr/local/mysql/bin/:/Users/admin/Library/Android/sdk/platform-tools:/Library/Frameworks/Python.framework/Versions/3.5/bin
10 verbose lifecycle todomongotomongoose@0.0.0~start: CWD: /Users/admin/Development/web/node/ToDoMongoToMongoose_Mongoosed_WITH_AUTH
11 silly lifecycle todomongotomongoose@0.0.0~start: Args: [ '-c', 'node ./bin/www' ]
12 silly lifecycle todomongotomongoose@0.0.0~start: Returned: code: 1  signal: null
13 info lifecycle todomongotomongoose@0.0.0~start: Failed to exec start script
14 verbose stack Error: todomongotomongoose@0.0.0 start: `node ./bin/www`
14 verbose stack Exit status 1
14 verbose stack     at EventEmitter.<anonymous> (/usr/local/lib/node_modules/npm/lib/utils/lifecycle.js:255:16)
14 verbose stack     at emitTwo (events.js:106:13)
14 verbose stack     at EventEmitter.emit (events.js:191:7)
14 verbose stack     at ChildProcess.<anonymous> (/usr/local/lib/node_modules/npm/lib/utils/spawn.js:40:14)
14 verbose stack     at emitTwo (events.js:106:13)
14 verbose stack     at ChildProcess.emit (events.js:191:7)
14 verbose stack     at maybeClose (internal/child_process.js:877:16)
14 verbose stack     at Process.ChildProcess._handle.onexit (internal/child_process.js:226:5)
15 verbose pkgid todomongotomongoose@0.0.0
16 verbose cwd /Users/admin/Development/web/node/ToDoMongoToMongoose_Mongoosed_WITH_AUTH
17 error Darwin 15.5.0
18 error argv "/usr/local/bin/node" "/usr/local/bin/npm" "start"
19 error node v6.9.1
20 error npm  v3.10.8
21 error code ELIFECYCLE
22 error todomongotomongoose@0.0.0 start: `node ./bin/www`
22 error Exit status 1
23 error Failed at the todomongotomongoose@0.0.0 start script 'node ./bin/www'.
23 error Make sure you have the latest version of node.js and npm installed.
23 error If you do, this is most likely a problem with the todomongotomongoose package,
23 error not with npm itself.
23 error Tell the author that this fails on your system:
23 error     node ./bin/www
23 error You can get information on how to open an issue for this project with:
23 error     npm bugs todomongotomongoose
23 error Or if that isn't available, you can get their info via:
23 error     npm owner ls todomongotomongoose
23 error There is likely additional logging output above.
24 verbose exit [ 1, true ]
